BBLCOUNT        1.0         0
0x7effe43ca140 1 4 26
0x7effe43c36ea 1 2 8
0x7effe43c36d0 1 4 26
0x7effe43f4847 1 5 19
0x7effe447c206 4 4 12
0x7effe447c201 4 2 5
0x7effe447c1f5 4 5 12
0x7effe447c1a7 4 15 78
0x7effe447c190 4 4 23
0x7effe43f482f 1 4 24
0x7effe43f4822 1 3 13
0x7effe43f4800 3 10 34
0x7effe43f482f 0 4 24
0x7effe43f4822 0 3 13
0x7effe43f47d0 1 18 82
0x7effe43c7ea3 1 1 1
0x7effe43c7e76 0 3 19
0x7effe43f4927 1 5 19
0x7effe43c759b 1 7 36
0x7effe43c75bf 1 3 12
0x7effe43c75cb 0 3 16
0x7effe43c75f0 1 1 2
0x7effe43f490f 1 4 24
0x7effe43f4902 1 3 13
0x7effe43f48e0 3 10 34
0x7effe43f490f 0 4 24
0x7effe43f4902 0 3 13
0x7effe43f48b0 1 18 82
0x7effe43c5eea 1 2 8
0x7effe43c5ed0 1 4 26
0x7effe43c5b5a 1 2 8
0x7effe43c5b40 1 4 26
0x7effe43ca193 1 1 1
0x7effe43ca166 0 3 19
0x7effe43ca15a 0 2 12
0x7effe43c7e50 1 4 26
0x7effe43c7e6a 0 2 12
0x4003f0 1 4 16
0x400400 0 1 5
0x400405 1 2 5
0x400410 1 2 12
0x400430 1 1 6
0x400436 1 2 10
0x400450 1 11 41
0x400480 1 6 21
0x400495 0 3 10
0x40049f 0 3 8
0x4004b0 1 2 2
0x4004c0 1 10 35
0x4004e3 0 3 10
0x4004ed 0 3 8
0x4004f8 1 2 2
0x400512 1 3 10
0x400509 1 3 9
0x400500 1 2 9
0x400520 1 3 11
0x40052b 1 1 2
0x4005e8 1 2 16
0x4005f8 0 4 20
0x400611 1 2 2
0x40060c 0 1 5
0x4005f8 1 4 20
0x40056c 1000 23 140
0x40060c 0 1 5
0x400546 1 8 38
0x400676 1 8 15
0x40066d 1 3 9
0x400656 1 6 23
0x400651 1 2 5
0x400620 1 15 49
0x400694 1 3 9
0x7effe4359560 1 3 17
0x7effe43593b3 1 15 53
0x7effe435937e 1 11 53
0x7effe4359571 0 6 20
0x7effe4359583 1 1 2
0x7effe43592c0 1 9 24
0x7effe43592d8 0 2 9
0x7effe43592e1 0 6 9
0x7effe43592ea 1 4 17
0x7effe43592fb 1 4 16
0x7effe435930b 1 4 17
0x7effe435931c 1 2 6
0x7effe4359322 1 5 24
0x7effe4359352 1 3 8
0x7effe435935a 4 2 4
0x7effe435935e 0 3 10
0x7effe4359368 0 2 4
0x7effe4359340 4 6 18
0x7effe4359352 3 3 8
0x7effe4359498 1 5 21
0x7effe43594ad 1 2 6
0x7effe43594b3 1 6 19
0x7effe43594c6 2 4 13
0x7effe43594d3 2 2 4
0x7effe43594d7 2 3 11
0x7effe43594bb 1 4 11
0x7effe43594e2 1 15 44
0x7effe435950e 0 2 9
0x7effe4359517 0 3 13
0x7effe4359363 1 2 5
0x7effe4359368 1 2 4
0x7effe435936c 1 7 18
0x7effe43595c3 0 3 10
0x7effe43595cd 0 22 112
0x7effe43596d0 1 6 37
0x7effe43596f5 0 1 5
0x7effe43595d7 1 21 102
0x7effe435963d 0 3 17
0x7effe435964e 0 5 27
0x7effe435961b 3 10 34
0x7effe435963d 1 3 17
0x7effe435964e 1 5 27
0x7effe4359669 1 2 9
0x7effe4359672 1 6 35
0x7effe4359695 1 7 34
0x7effe43596b7 1 1 5
0x7effe43595a0 1 11 35
0x7effe43596bc 1 6 11
0x7effe43597bf 1 4 23
0x7effe43597aa 1 5 21
0x7effe43597a5 1 2 5
0x7effe4359740 1 13 48
0x7effe43597d6 1 2 8
0x7effe43597de 1 2 10
0x7effe43597e8 1 2 4
0x7effe43597ec 1 12 68
0x7effe4359830 1 2 7
0x7effe4359770 0 8 23
0x7effe4359787 0 4 12
0x7effe4359837 1 2 7
0x7effe4359779 1 4 14
0x7effe4359787 1 4 12
0x7effe4359793 1 4 18
0x7effe4367150 1 16 80
0x7effe436e22f 1 4 7
0x7effe436e21a 0 4 13
0x7effe436e210 1 5 10
0x7effe436e1b0 1 19 88
0x7effe436e250 1 2 7
0x7effe4372f98 1 1 3
0x7effe4372f9b 1 3 9
0x7effe4372fa4 1 2 7
0x7effe4372f85 1 4 19
0x7effe4372f80 1 2 5
0x7effe4372f6f 1 4 17
0x7effe4372f5a 0 2 6
0x7effe4372f45 0 5 21
0x7effe4372f30 1 6 21
0x7effe4372ff8 1 1 5
0x7effe4372fd8 1 8 32
0x7effe4372f66 0 3 9
0x7effe4372f60 0 2 6
0x7effe4372f5a 1 2 6
0x7effe4372f45 1 5 21
0x7effe4372f30 1 6 21
0x7effe4372f27 1 3 9
0x7effe4372f10 1 9 23
0x7effe4373030 1 4 21
0x7effe43730a0 1 8 25
0x7effe43730b9 0 2 10
0x7effe43730c3 0 1 2
0x7effe43730c5 1 2 9
0x7effe43730ce 0 3 19
0x7effe43730e8 1 5 17
0x7effe43730f9 1 4 16
0x7effe4373109 0 5 19
0x7effe4373147 1 5 23
0x7effe437315e 0 2 5
0x7effe43731fb 1 3 14
0x7effe437318a 1 4 24
0x7effe43731a2 0 2 9
0x7effe43731ab 0 1 2
0x7effe43731ad 1 2 8
0x7effe43731b5 0 3 19
0x7effe43731cf 1 5 10
0x7effe4373299 1 2 5
0x7effe437329e 1 12 42
0x7effe4373280 1 8 25
0x7effe437361e 1 4 7
0x7effe43735d7 0 8 40
0x7effe43735c0 1 7 23
0x7effe43b5438 1 7 14
0x7effe43b53d3 2 2 5
0x7effe43b53c0 3 4 19
0x7effe43b53e2 0 4 18
0x7effe43b5118 0 3 13
0x7effe43b5165 3 3 14
0x7effe43b5173 0 4 17
0x7effe43b5184 0 4 18
0x7effe43b53d8 0 3 10
0x7effe43b53d3 1 2 5
0x7effe43b533d 0 1 5
0x7effe43b532a 1 4 19
0x7effe43b524f 1 9 17
0x7effe43b5234 0 6 27
0x7effe43b522f 1 2 5
0x7effe43b5118 0 3 13
0x7effe43b510f 0 3 9
0x7effe43b5100 2 4 15
0x7effe43b5217 1 2 5
0x7effe43b520a 3 3 13
0x7effe43b51f0 3 4 26
0x7effe43b51ae 0 3 13
0x7effe43b53d8 2 3 10
0x7effe43b5280 3 3 14
0x7effe43b528e 3 1 5
0x7effe43b51a1 3 2 5
0x7effe43b51a6 0 2 8
0x7effe43b5260 1 5 26
0x7effe43b5049 0 6 38
0x7effe43b5039 0 3 16
0x7effe43b5020 1 10 25
0x7effe43b5310 1 8 26
0x7effe43b527a 0 2 4
0x7effe43b50db 1 3 13
0x7effe43b5103 1 3 12
0x7effe43b510f 0 3 9
0x7effe43c58a6 1 3 8
0x7effe43c5896 1 4 16
0x7effe43c5875 1 9 33
0x7effe43c5850 1 8 37
0x7effe43e2d74 0 2 5
0x7effe43e2d6f 1 2 5
0x7effe43e2d6a 3 2 5
0x7effe43e2d6a 0 2 5
0x7effe43e2d65 0 2 5
0x7effe43e2d4a 1 7 27
0x7effe43e2d4a 0 7 27
0x7effe43e2d46 0 2 4
0x7effe43e2d34 1 6 18
0x7effe43e2f99 2 8 15
0x7effe43e2f1a 0 5 16
0x7effe43e2f15 2 2 5
0x7effe43e2cc9 2 6 11
0x7effe43e2cb8 0 2 4
0x7effe43e2c40 6 3 13
0x7effe43e2cc7 2 7 13
0x7effe43e2cbc 8 3 11
0x7effe43e2c9a 32 5 15
0x7effe43e2c92 36 3 8
0x7effe43e2c90 40 1 2
0x7effe43e2d6a 1 2 5
0x7effe43e2d65 1 2 5
0x7effe43e2d60 3 2 5
0x7effe43e2dc1 0 3 10
0x7effe43e2dbc 0 2 5
0x7effe43e2db1 3 4 11
0x7effe43e2dac 0 2 5
0x7effe43e2d93 3 8 25
0x7effe43e2d88 3 3 11
0x7effe43e2d7e 3 4 10
0x7effe43e2d7e 0 4 10
0x7effe43e2d79 0 2 5
0x7effe43e2d74 3 2 5
0x7effe43e2c58 6 2 5
0x7effe43e2c4d 6 2 11
0x7effe43e2eb0 2 2 9
0x7effe43e2eb9 2 15 52
0x7effe43e2f53 2 2 7
0x7effe43e2f5a 2 5 15
0x7effe43e2f69 2 4 16
0x7effe43e2ef0 2 4 13
0x7effe43e2be0 4 2 8
0x7effe43e2be8 4 15 48
0x7effe43e2c18 4 11 53
0x7effe43e2c4d 4 2 11
0x7effe43e2c58 2 2 5
0x7effe43e2c5d 0 2 5
0x7effe43e2c6f 8 9 33
0x7effe43e2c90 8 1 2
0x7effe43e2c92 4 3 8
0x7effe43e2e23 2 16 50
0x7effe43e2dd4 0 2 9
0x7effe43e2dcb 0 2 9
0x7effe43e2dc1 2 3 10
0x7effe43e2ca9 0 4 15
0x7effe43e2d2c 1 2 8
0x7effe43e2c9a 8 5 15
0x7effe43e2d0d 2 10 31
0x7effe43e2d06 2 3 7
0x7effe43e2cfd 2 3 9
0x7effe43e2f06 2 5 15
0x7effe43e2efd 2 2 9
0x7effe43e2c92 4 3 8
0x7effe43e2c90 6 1 2
0x7effe43e2c80 6 5 16
0x7effe43e2ce1 4 1 2
0x7effe43e2cd8 10 3 9
0x7effe4404b60 1 5 23
0x7effe4404b90 1 3 8
0x7effe443f6a0 1 2 5
0x7effe443f6a5 1 6 14
0x7effe443f6b3 1 4 16
0x7effe443f6c3 1 12 42
0x7efff7f46a70 12 1 6
0x7efff7f46a70 6 1 6
0x7efff7f46a80 11 1 6
0x7efff7f46a80 6 1 6
0x7efff7f46a90 7 1 6
0x7efff7f46a90 2 1 6
0x7efff7f4c1ca 1 11 56
0x7efff7f4c202 0 1 5
0x7efff7f4c21e 1 2 11
0x7efff7f4c229 1 2 10
0x7efff7f4c233 0 2 10
0x7efff7f4c210 3 3 14
0x7efff7f4c21e 2 2 11
0x7efff7f4c229 2 2 10
0x7efff7f4c2d8 1 2 11
0x7efff7f4c2e3 1 2 10
0x7efff7f4c2ed 1 2 13
0x7efff7f4c2fa 1 4 18
0x7efff7f4c30c 1 2 9
0x7efff7f4c315 1 8 40
0x7efff7f4c33d 1 3 12
0x7efff7f4c349 1 15 78
0x7efff7f4c397 1 15 76
0x7efff7f4c3e3 1 10 51
0x7efff7f4c46a 1 3 11
0x7efff7f4b703 1 4 17
0x7efff7f4b714 1 3 10
0x7efff7f4b750 1 4 20
0x7efff7f4b764 1 2 4
0x7efff7f4b768 0 2 9
0x7efff7f4b771 0 10 37
0x7efff7f4b720 1 10 42
0x7efff7f4b74a 1 6 26
0x7efff7f4b764 1 2 4
0x7efff7f4b768 1 2 9
0x7efff7f4b771 1 10 37
0x7efff7f4b796 1 3 10
0x7efff7f4b7a0 1 2 8
0x7efff7f4b7a8 1 9 18
0x7efff7f4efe6 1 5 10
0x7efff7f4eff0 1 2 10
0x7efff7f4ec56 1 2 13
0x7efff7f4ec63 1 5 25
0x7efff7f4ec7c 1 2 10
0x7efff7f4ea22 1 14 53
0x7efff7f4c160 1 18 71
0x7efff7f4c1a7 1 5 27
0x7efff7f4c1c2 1 2 8
0x7efff7f4c46a 1 3 11
0x7efff7f4c475 1 1 2
0x7efff7f4c660 1 3 15
0x7efff7f4c638 1 6 38
0x7efff7f4c670 1 3 16
0x7efff7f4c680 1 4 22
0x7efff7f4c696 1 19 103
0x7efff7f4c6fd 1 4 25
0x7efff7f4c716 1 7 39
0x7efff7f4c73d 0 4 21
0x7efff7f4d060 1 10 49
0x7efff7f4d091 1 1 5
0x7efff7f4c73d 1 4 21
0x7efff7f4c752 1 5 31
0x7efff7f4c771 1 4 13
0x7efff7f4c7b6 2 6 28
0x7efff7f4c7d2 1 5 20
0x7efff7f4c7e6 1 10 43
0x7efff7f4c811 1 3 17
0x7efff7f4c822 0 3 11
0x7efff7f4c74d 1 2 5
0x7efff7f4c752 0 5 31
0x7efff7f4c771 0 4 13
0x7efff7f4c475 0 1 2
0x7efff7f4c477 0 2 5
0x7efff7f4c5a0 1 3 17
0x7efff7f4c448 9 8 34
0x7efff7f4c46a 8 3 11
0x7efff7f4c475 8 1 2
0x7efff7f4c477 5 2 5
0x7efff7f4c47c 3 2 5
0x7efff7f4c481 1 6 28
0x7efff7f4c4e0 2 5 24
0x7efff7f4c4f8 2 7 27
0x7efff7f4c513 2 20 70
0x7efff7f4c577 1 11 40
0x7efff7f4c559 1 17 70
0x7efff7f4c420 4 2 12
0x7efff7f4c42c 3 2 12
0x7efff7f4c438 2 2 9
0x7efff7f4c5b8 1 3 13
0x7efff7f4c5c5 1 6 29
0x7efff7f4c5e2 1 10 56
0x7efff7f4c61a 1 1 5
0x7efff7f4c61f 1 3 22
0x7efff7f4c441 1 9 41
0x7efff7f4eb5f 1 2 8
0x7efff7f4eb67 1 4 22
0x7efff7f4eb7d 1 2 9
0x7efff7f4eb86 1 2 15
0x7efff7f4ece9 1 4 21
0x7efff7f4ecfe 1 10 43
0x7efff7f4ed80 1 4 20
0x7efff7f4ed94 0 2 5
0x7efff7f4ed99 0 3 16
0x7efff7f4ed70 1 3 16
0x7efff7f4ed80 0 4 20
0x7efff7f4ed94 0 2 5
0x7efff7f4f083 1 3 16
0x7efff7f4f093 1 3 14
0x7efff7f4f0a1 1 5 22
0x7efff7f4f0b7 1 4 24
0x7efff7f4f0cf 0 2 9
0x7efff7f4f0d8 0 15 60
0x7efff7f4eb95 1 2 14
0x7efff7f4eba3 0 2 9
0x7efff7f4ebac 0 12 53
0x7efff7f4f2b4 1 2 9
0x7efff7f4e9b6 0 3 13
0x7efff7f4e9ad 0 2 9
0x7efff7f4e9a4 1 2 9
0x7efff7f4e992 1 4 18
0x7efff7f4e97b 1 4 23
0x7efff7f4e942 0 4 19
0x7efff7f4e93e 0 2 4
0x7efff7f4e928 1 5 22
0x7efff7f4e8dc 0 1 5
0x7efff7f4e8d3 0 3 9
0x7efff7f4e8cf 2 2 4
0x7efff7f4e8bb 2 5 20
0x7efff7f4e892 3 3 11
0x7efff7f4e87d 3 7 21
0x7efff7f4e870 4 3 13
0x7efff7f4e8af 4 3 12
0x7efff7f4e8a5 4 2 10
0x7efff7f4e89d 5 2 8
0x7efff7f4e892 2 3 11
0x7efff7f4e87d 2 7 21
0x7efff7f4e849 2 8 26
0x7efff7f4e832 2 4 23
0x7efff7f4e810 2 11 34
0x7efff7f4b626 0 4 21
0x7efff7f4b9a8 1 4 21
0x7efff7f4b9bd 1 2 8
0x7efff7f4b9c5 0 1 5
0x7efff7f4b61a 1 3 12
0x7efff7f4b626 1 4 21
0x7efff7f4b63b 1 2 8
0x7efff7f4b643 1 2 10
0x7efff7f4b64d 1 2 11
0x7efff7f4b658 1 4 17
0x7efff7f4b669 1 2 10
0x7efff7f4b673 1 2 11
0x7efff7f4b67e 1 10 42
0x7efff7f4b6a8 1 6 23
0x7efff7f4b6bf 1 2 5
0x7efff7f4b6eb 1 2 7
0x7efff7f4b6f2 0 3 10
0x7efff7f4b6fc 0 2 7
0x7efff7f4b6c8 5 8 35
0x7efff7f4b6eb 5 2 7
0x7efff7f4b6f2 1 3 10
0x7efff7f4b6fc 1 2 7
0x7efff7f4f2bd 0 1 5
0x7efff7f4ebf3 1 4 26
0x7efff7f4ec0d 0 2 9
0x7efff7f4ec16 0 12 49
0x7efff7f4ef6f 1 3 22
0x7efff7f4ef85 1 3 12
0x7efff7f4ef91 1 2 8
0x7efff7f4ef99 1 3 10
0x7efff7f4efa3 1 2 9
0x7efff7f4efac 1 2 15
0x7efff7f4efbb 1 11 43
0x7efff7f4b540 1 17 47
0x7efff7f4b56f 1 2 4
0x7efff7f4b573 0 3 16
0x7efff7f4b588 1 4 15
0x7efff7f4b597 1 3 12
0x7efff7f4b5a3 1 12 56
0x7efff7f4b5db 1 2 9
0x7efff7f4b5e4 1 5 15
0x7efff7f4b5f3 1 2 10
0x7efff7f4b5fd 1 4 21
0x7efff7f4b612 1 2 8
0x7efff7f4b61a 0 3 12
0x7efff7f49aa7 1 4 23
0x7efff7f49abe 1 1 5
0x7efff7f46b4a 1 6 31
0x7efff7f46b69 1 4 18
0x7efff7f46b7b 1 7 36
0x7efff7f46b9f 0 5 31
0x7efff7f46bbe 1 4 14
0x7efff7f46bcc 1 2 10
0x7efff7f46bd6 0 6 20
0x7efff7f46be4 3 2 6
0x7efff7f46bc7 4 2 5
0x7efff7f46bcc 3 2 10
0x7efff7f46bd6 1 6 20
0x7efff7f46bea 1 3 7
0x7efff7f46bf1 0 5 31
0x7efff7f46c10 1 1 5
0x7efff7f46c15 1 1 5
0x7efff7f46c1a 1 3 8
0x7efff7f46c22 0 4 19
0x7efff7f46c41 1 7 30
0x7efff7f46c5f 1 2 4
0x7efff7f46c63 0 5 26
0x7efff7f49564 0 1 5
0x7efff7f49930 1 3 9
0x7efff7f49939 1 6 33
0x7efff7f4995a 1 3 7
0x7efff7f49961 1 3 10
0x7efff7f4996b 0 4 9
0x7efff7f49974 0 2 12
0x7efff7f499de 1 6 29
0x7efff7f499fb 1 4 9
0x7efff7f49a04 0 6 27
0x7efff7f49a08 1 5 23
0x7efff7f49a1f 1 2 5
0x7efff7f49a24 0 2 5
0x7efff7f49a37 1 2 9
0x7efff7f49a40 1 5 27
0x7efff7f49a5b 0 2 10
0x7efff7f4a6ec 1 2 12
0x7efff7f49a77 1 11 48
0x7efff7f47960 1 6 24
0x7efff7f47978 1 2 4
0x7efff7f4797c 0 3 6
0x7efff7f47982 0 2 2
0x7efff7f47982 1 2 2
0x7efff7f49f5b 2 2 10
0x7efff7f49f65 1 2 9
0x7efff7f49f6e 0 3 10
0x7efff7f49fac 1 2 8
0x7efff7f49fb4 1 1 2
0x7efff7f49d02 1 2 13
0x7efff7f49d0f 1 2 14
0x7efff7f49d1d 1 4 23
0x7efff7f49d34 1 2 9
0x7efff7f49d3d 0 6 22
0x7efff7f49d5b 1 3 20
0x7efff7f49d6f 1 2 9
0x7efff7f49d78 1 11 44
0x7efff7f49da4 1 8 33
0x7efff7f49dc5 1 3 14
0x7efff7f49dd3 1 3 9
0x7efff7f49ddc 1 3 15
0x7efff7f49deb 1 2 6
0x7efff7f49df1 1 8 15
0x7efff7f4ae7a 1 9 38
0x7efff7f4aea0 1 9 18
0x7efff7f46cc8 1 14 50
0x7efff7f46cfa 1 3 13
0x7efff7f46c89 1 4 12
0x7efff7f49ac3 1 3 17
0x7efff7f49ad4 1 11 68
0x7efff7f49b18 1 3 16
0x7efff7f4a0b9 1 10 69
0x7efff7f4a0fe 0 1 5
0x7efff7f49ed3 1 13 59
0x7efff7f49f72 1 2 6
0x7efff7f49f78 0 9 42
0x7efff7f49fa2 0 1 5
0x7efff7f49f10 3 7 31
0x7efff7f49f2f 2 3 13
0x7efff7f49f3c 2 8 31
0x7efff7f49fb6 1 4 20
0x7efff7f49fca 0 1 2
0x7efff7f49f2f 1 3 13
0x7efff7f49f3c 0 8 31
0x7efff7f49f5b 1 2 10
0x7efff7f49f65 0 2 9
0x7efff7f49f6e 0 3 10
0x7efff7f49f6e 3 3 10
0x7efff7f49f78 1 9 42
0x7efff7f49fa2 0 1 5
0x7efff7f4ca2d 0 4 11
0x7efff7f4ca38 1 4 16
0x7efff7f4ca48 0 4 13
0x7efff7f4cf34 1 4 16
0x7efff7f4cf44 1 5 26
0x7efff7f4ca05 1 4 12
0x7efff7f4ca11 1 2 6
0x7efff7f4ca17 0 4 12
0x7efff7f4c9f8 6 8 25
0x7efff7f4ca11 5 2 6
0x7efff7f4ca17 4 4 12
0x7efff7f4ca55 1 2 5
0x7efff7f4ca5a 1 3 10
0x7efff7f4ca64 1 4 14
0x7efff7f4ca72 1 4 14
0x7efff7f4ca80 1 4 14
0x7efff7f4ca8e 1 4 14
0x7efff7f4ca9c 1 4 17
0x7efff7f4caad 1 4 17
0x7efff7f4cabe 1 4 17
0x7efff7f4cacf 1 4 17
0x7efff7f4cae0 1 2 11
0x7efff7f4c762 1 2 15
0x7efff7f4c771 1 4 13
0x7efff7f4c77e 1 12 47
0x7efff7f4cf6a 1 2 9
0x7efff7f4cf73 1 8 37
0x7efff7f4cf98 1 4 26
0x7efff7f4c7ad 1 2 9
0x7efff7f4c7b6 0 6 28
0x7efff7f4c7d2 0 5 20
0x7efff7f4d140 1 9 37
0x7efff7f4d165 1 3 17
0x7efff7f4d176 0 3 14
0x7efff7f4c98e 1 4 21
0x7efff7f4c9a3 1 5 21
0x7efff7f4c9b8 1 4 17
0x7efff7f4c9c9 1 7 41
0x7efff7f4ca11 1 2 6
0x7efff7f4ca17 0 4 12
0x7efff7f4ca23 0 4 10
0x7efff7f4ca01 18 5 16
0x7efff7f4ca11 18 2 6
0x7efff7f4ca17 3 4 12
0x7efff7f4ca23 1 4 10
0x7efff7f4cc6d 1 6 36
0x7efff7f4cc91 1 2 8
0x7efff7f4cc99 1 2 6
0x7efff7f4cc9f 1 2 11
0x7efff7f4ccaa 0 4 21
0x7efff7f4cd0a 1 2 15
0x7efff7f4cd19 1 5 37
0x7efff7f4cd3e 1 2 14
0x7efff7f4cd4c 1 3 12
0x7efff7f46d20 2 2 5
0x7efff7f46d30 2 2 5
0x7efff7f4cd58 1 4 17
0x7efff7f4cd69 0 8 40
0x7efff7f4cd91 0 5 18
0x7efff7f4c2c2 1 8 15
0x7efff7f4ea57 1 2 9
0x7efff7f4e913 2 8 18
0x7efff7f4ea60 1 2 8
0x7efff7f494fa 1 10 42
0x7efff7f49524 1 8 30
0x7efff7f49542 0 6 34
0x7efff7f4952d 2 6 21
0x7efff7f49542 1 6 34
0x7efff7f4caeb 1 2 8
0x7efff7f4caf3 1 3 19
0x7efff7f4cb06 1 3 13
0x7efff7f4cb13 1 4 16
0x7efff7f4cb2b 1 2 4
0x7efff7f4cb2f 0 3 16
0x7efff7f4cb3f 0 3 17
0x7efff7f4cb37 1 2 8
0x7efff7f4cb3f 1 3 17
0x7efff7f4cb50 0 6 29
0x7efff7f4d228 1 2 13
0x7efff7f4cb76 1 2 11
0x7efff7f4cb81 0 3 17
0x7efff7f4cb92 0 4 10
0x7efff7f4cb8d 1 2 5
0x7efff7f4cb92 0 4 10
0x7efff7f4cb9c 0 4 24
0x7efff7f4cc00 1 3 17
0x7efff7f4cc11 1 7 35
0x7efff7f4cc34 1 3 13
0x7efff7f4cc41 1 4 23
0x7efff7f4cc58 1 2 8
0x7efff7f4cc60 1 2 13
0x7efff7f48023 1 4 24
0x7efff7f47ffc 1 5 39
0x7efff7f47ff8 1 2 4
0x7efff7f47fde 1 6 26
0x7efff7f47fd2 1 3 12
0x7efff7f47fc2 1 3 16
0x7efff7f47fd2 0 3 12
0x7efff7f47fb7 0 4 27
0x7efff7f47fb2 1 2 5
0x7efff7f47fb7 0 4 27
0x7efff7f47fa7 0 3 16
0x7efff7f47fa2 1 2 5
0x7efff7f47fa7 0 3 16
0x7efff7f47f98 0 4 15
0x7efff7f47f7e 1 5 26
0x7efff7f4e325 1 3 17
0x7efff7f4e336 1 3 16
0x7efff7f4e346 1 13 61
0x7efff7f4876f 1 5 27
0x7efff7f4878a 1 3 14
0x7efff7f47f12 1 2 5
0x7efff7f47f06 2 2 12
0x7efff7f47efa 3 2 12
0x7efff7f486ea 1 2 11
0x7efff7f486f5 1 7 43
0x7efff7f48720 1 2 8
0x7efff7f48728 1 3 14
0x7efff7f48736 1 3 17
0x7efff7f492ec 1 2 12
0x7efff7f4e2f0 1 14 53
0x7efff7f48970 1 4 16
0x7efff7f48960 1 4 16
0x7efff7f48930 0 4 16
0x7efff7f48924 1 4 12
0x7efff7f480e2 0 3 8
0x7efff7f480cd 0 7 21
0x7efff7f480bf 1 4 14
0x7efff7f480b3 2 4 12
0x7efff7f480ad 19 2 6
0x7efff7f4809d 19 5 16
0x7efff7f480bf 0 4 14
0x7efff7f480b3 0 4 12
0x7efff7f480ad 1 2 6
0x7efff7f48061 1 8 51
0x7efff7f48051 1 4 16
0x7efff7f48044 1 3 13
0x7efff7f4803b 1 2 9
0x7efff7f4e52b 0 3 13
0x7efff7f4e610 1 9 26
0x7efff7f492f8 1 3 14
0x7efff7f49306 1 4 20
0x7efff7f48885 0 6 21
0x7efff7f4887c 0 3 9
0x7efff7f4884a 1 9 50
0x7efff7f47ed7 3 2 9
0x7efff7f47ece 4 2 9
0x7efff7f47ec5 5 2 9
0x7efff7f47ef8 8 1 2
0x7efff7f47eed 8 3 11
0x7efff7f47ee0 9 3 13
0x7efff7f48798 1 4 15
0x7efff7f47efa 0 2 12
0x7efff7f47ef8 0 1 2
0x7efff7f47eed 1 3 11
0x7efff7f47eb3 1 5 18
0x7efff7f47e64 1 13 79
0x7efff7f47e54 1 3 16
0x7efff7f46d30 2 2 5
0x7efff7f46d20 2 2 5
0x7efff7f47e27 1 8 45
0x7efff7f47e1b 1 3 12
0x7efff7f4e383 1 3 12
0x7efff7f4e38f 1 20 112
0x7efff7f4e3ff 1 5 18
0x7efff7f488c8 1 4 16
0x7efff7f48831 0 2 13
0x7efff7f48820 1 3 17
0x7efff7f48810 1 4 16
0x7efff7f4883e 1 2 12
0x7efff7f48831 1 2 13
0x7efff7f4e411 4 4 16
0x7efff7f4e421 3 17 74
0x7efff7f4e46b 3 5 18
0x7efff7f4e3ff 3 5 18
0x7efff7f4e490 1 7 42
0x7efff7f4e4ba 1 4 19
0x7efff7f4e4cd 1 3 16
0x7efff7f4e630 1 4 23
0x7efff7f4e647 0 7 34
0x7efff7f4e680 1 2 16
0x7efff7f4e515 1 2 9
0x7efff7f48820 1 3 17
0x7efff7f48809 1 5 23
0x7efff7f487f0 2 7 25
0x7efff7f4e51e 0 3 13
0x7efff7f48377 0 4 12
0x7efff7f48358 3 8 25
0x7efff7f48371 2 2 6
0x7efff7f48377 2 4 12
0x7efff7f487b1 1 4 18
0x7efff7f487a7 1 3 10
0x7efff7f482a2 2 4 13
0x7efff7f48299 2 2 9
0x7efff7f48290 3 2 9
0x7efff7f482dd 0 10 54
0x7efff7f482b7 0 9 38
0x7efff7f482af 3 3 8
0x7efff7f4828b 0 1 2
0x7efff7f4825d 1 10 46
0x7efff7f48251 1 3 12
0x7efff7f48235 1 7 28
0x7efff7f48227 1 2 14
0x7efff7f4821a 1 2 13
0x7efff7f48212 1 2 8
0x7efff7f48207 0 3 19
0x7efff7f481fd 1 2 10
0x7efff7f481ea 0 2 5
0x7efff7f481d1 0 5 25
0x7efff7f481c5 1 3 12
0x7efff7f482a2 1 4 13
0x7efff7f487e3 1 2 13
0x7efff7f482af 1 3 8
0x7efff7f487d5 1 2 14
0x7efff7f487c3 1 3 18
0x7efff7f482b7 1 9 38
0x7efff7f482dd 1 10 54
0x7efff7f48313 1 4 17
0x7efff7f48324 1 8 52
0x7efff7f48371 1 2 6
0x7efff7f48377 0 4 12
0x7efff7f48383 0 4 14
0x7efff7f48361 7 5 16
0x7efff7f48371 7 2 6
0x7efff7f48377 2 4 12
0x7efff7f48383 1 4 14
0x7efff7f48391 0 7 21
0x7efff7f483a6 0 2 9
0x7efff7f48908 1 4 12
0x7efff7f48914 0 4 16
0x7efff7f48940 1 4 16
0x7efff7f48950 1 4 16
0x7efff7f48365 1 4 12
0x7efff7f48371 1 2 6
0x7efff7f4851b 1 3 13
0x7efff7f48528 1 12 51
0x7efff7f4855b 1 10 45
0x7efff7f48593 1 2 8
0x7efff7f4859b 0 3 19
0x7efff7f485ae 0 3 13
0x7efff7f485ae 1 3 13
0x7efff7f485bb 0 4 17
0x7efff7f485cc 0 3 13
0x7efff7f485ee 1 3 13
0x7efff7f485fb 0 5 27
0x7efff7f48616 0 2 5
0x7efff7f4862b 1 2 11
0x7efff7f48636 0 3 20
0x7efff7f48642 1 2 8
0x7efff7f4864a 1 9 57
0x7efff7f48683 1 5 21
0x7efff7f48698 1 3 12
0x7efff7f486a4 1 2 9
0x7efff7f486ad 1 5 19
0x7efff7f486c0 1 4 15
0x7efff7f486cf 0 4 15
0x7efff7f486d4 1 3 10
0x7efff7f486de 1 2 12
0x7efff7f48197 0 4 15
0x7efff7f4818b 1 3 12
0x7efff7f48179 1 3 18
0x7efff7f48172 1 2 7
0x7efff7f48167 1 2 11
0x7efff7f4815b 1 3 12
0x7efff7f480f3 0 4 13
0x7efff7f480ea 0 3 9
0x7efff7f480e2 1 3 8
0x7efff7f480b3 2 4 12
0x7efff7f480ad 2 2 6
0x7efff7f48094 3 8 25
0x7efff7f480b3 0 4 12
0x7efff7f480ad 1 2 6
0x7efff7f480a1 1 4 12
0x7efff7f483a6 1 2 9
0x7efff7f483af 1 3 14
0x7efff7f483bd 1 17 84
0x7efff7f48443 1 3 10
0x7efff7f4844d 1 16 57
0x7efff7f48486 1 15 54
0x7efff7f484e5 1 3 13
0x7efff7f484f2 0 13 54
0x7efff7f48528 0 12 51
0x7efff7f4b067 1 1 5
0x7efff7f4afe9 1 2 9
0x7efff7f4aff2 1 6 28
0x7efff7f4b00e 1 3 10
0x7efff7f494b8 1 5 21
0x7efff7f494cd 1 13 45
0x7efff7f4afc8 5 10 33
0x7efff7f4afe9 5 2 9
0x7efff7f4aff2 5 6 28
0x7efff7f4b00e 5 3 10
0x7efff7f4b018 5 3 9
0x7efff7f4ae07 1 3 19
0x7efff7f4ae1a 1 17 96
0x7efff7f4af90 1 6 19
0x7efff7f4af7d 1 5 19
0x7efff7f4af40 1 15 61
0x7efff7f4af2c 1 6 20
0x7efff7f4af09 1 7 35
0x7efff7f4af00 1 2 9
0x7efff7f4adf0 1 2 9
0x7efff7f4ade2 1 2 14
0x7efff7f4add4 1 2 14
0x7efff7f4add4 0 2 14
0x7efff7f4adc6 0 2 14
0x7efff7f49438 1 4 19
0x7efff7f4944b 1 4 16
0x7efff7f4945b 0 3 17
0x7efff7f4945f 1 2 13
0x7efff7f4946c 1 4 15
0x7efff7f49433 1 1 5
0x7efff7f49418 1 4 27
0x7efff7f4940c 0 1 5
0x7efff7f493ec 1 6 32
0x7efff7f4947b 1 3 17
0x7efff7f4948c 1 4 19
0x7efff7f4949f 1 3 17
0x7efff7f493d9 1 5 19
0x7efff7f49398 1 13 65
0x7efff7f4938a 1 2 14
0x7efff7f49369 1 7 33
0x7efff7f4931a 1 14 79
0x7efff7f4af80 9 4 16
0x7efff7f4af90 9 6 19
0x7efff7f4afa3 1 2 14
0x7efff7f4afb1 1 3 16
0x7efff7f4afc1 1 11 40
0x7efff7f494b0 1 2 8
0x7efff7f4b018 1 3 9
0x7efff7f4b053 6 5 20
0x7efff7f4acb5 0 4 16
0x7efff7f4acc5 1 8 29
0x7efff7f4ace2 0 2 9
0x7efff7f4aceb 0 3 12
0x7efff7f4ace2 1 2 9
0x7efff7f4aceb 1 3 12
0x7efff7f4acf7 1 4 16
0x7efff7f4ad07 1 4 16
0x7efff7f4ad17 1 4 16
0x7efff7f4ad27 1 4 16
0x7efff7f4ad37 1 4 16
0x7efff7f4ad47 1 4 16
0x7efff7f4ad57 1 4 16
0x7efff7f47dff 1 7 28
0x7efff7f47bdb 0 6 24
0x7efff7f47bb4 0 8 39
0x7efff7f47ba3 1 3 17
0x7efff7f46cc0 1 2 8
0x7efff7f4ac00 1 22 85
0x7efff7f4ac55 1 11 62
0x7efff7f4acaf 4 2 6
0x7efff7f4acb5 3 4 16
0x7efff7f46d10 3 2 8
0x7efff7f4acc5 3 8 29
0x7efff7f4ac98 13 6 23
0x7efff7f4acaf 13 2 6
0x7efff7f4acb5 2 4 16
0x7efff7f4aeb8 1 4 10
0x7efff7f4aec2 0 6 24
0x7efff7f4aee0 1 4 16
0x7efff7f4aef0 0 3 12
0x7efff7f4b028 1 4 16
0x7efff7f4b038 1 3 12
0x7efff7f4aca3 1 4 12
0x7efff7f4acaf 1 2 6
0x7efff7f4adba 1 3 12
0x7efff7f4adac 0 2 14
0x7efff7f4ada0 1 3 12
0x7efff7f4ad8e 1 3 18
0x7efff7f4ad82 1 3 12
0x7efff7f4ad77 1 2 11
0x7efff7f479a0 1 41 208
0x7efff7f4ad67 1 4 16
0x7efff7f47a70 1 3 12
0x7efff7f47a7c 0 3 8
0x7efff7f47a84 0 3 6
0x7efff7f47ac1 1 3 14
0x7efff7f47acf 1 3 14
0x7efff7f47add 0 2 9
0x7efff7f4ff97 78 4 12
0x7efff7f56c3c 1 3 14
0x7efff7f56c35 1 3 7
0x7efff7f4ffa3 68 2 4
0x7efff7f56c2c 1 3 9
0x7efff7f4fd31 80 2 5
0x7efff7f4fd36 0 2 13
0x7efff7f4fd43 163 2 13
0x7efff7f56c20 1 3 12
0x7efff7f56c17 1 3 9
0x7efff7f4fbcb 78 7 14
0x7efff7f4fd50 163 2 13
0x7efff7f4fd5d 163 3 14
0x7efff7f56be9 1 8 30
0x7efff7f56c07 1 3 16
0x7efff7f526b8 78 6 25
0x7efff7f50488 0 2 5
0x7efff7f525fd 76 4 16
0x7efff7f525f3 73 2 10
0x7efff7f56c4a 1 4 21
0x7efff7f508d4 80 7 44
0x7efff7f525db 73 6 24
0x7efff7f50919 80 14 54
0x7efff7f4fca0 80 33 145
0x7efff7f525ad 75 11 46
0x7efff7f509b9 78 10 25
0x7efff7f509a7 78 3 18
0x7efff7f50999 78 3 14
0x7efff7f50979 78 7 32
0x7efff7f5096e 78 4 11
0x7efff7f50966 78 3 8
0x7efff7f5047b 78 3 13
0x7efff7f5075f 78 9 45
0x7efff7f4ff88 78 2 15
0x7efff7f4fb00 78 10 30
0x7efff7f4fb1e 0 2 8
0x7efff7f4fb26 0 5 22
0x7efff7f4fb26 78 5 22
0x7efff7f4fb3c 78 3 16
0x7efff7f4fb4c 78 7 20
0x7efff7f4fb78 64 3 13
0x7efff7f4fb85 64 2 9
0x7efff7f4fb8e 64 10 43
0x7efff7f4fc38 78 3 12
0x7efff7f4fc44 78 2 8
0x7efff7f50958 78 2 14
0x7efff7f4fc4c 78 1 5
0x7efff7f5094f 80 3 9
0x7efff7f4fe2f 78 8 18
0x7efff7f4ffce 68 5 22
0x7efff7f4ffab 0 3 11
0x7efff7f4ffa7 68 2 4
0x7efff7f4fd6b 163 11 65
0x7efff7f4fdac 163 14 56
0x7efff7f4fde4 84 3 16
0x7efff7f4fdf4 78 2 4
0x7efff7f4fdf8 78 4 17
0x7efff7f4fe09 8 2 8
0x7efff7f4fe20 76 3 13
0x7efff7f4fe2d 2 9 20
0x7efff7f4fd20 83 4 17
0x7efff7f4fd31 83 2 5
0x7efff7f4fd36 0 2 13
0x7efff7f503a8 79 8 30
0x7efff7f503c6 79 13 65
0x7efff7f5041d 79 5 14
0x7efff7f5042b 28 19 80
0x7efff7f50410 79 3 13
0x7efff7f5041d 78 5 14
0x7efff7f5042b 50 19 80
0x7efff7f56c7c 0 2 9
0x7efff7f520a0 3 14 47
0x7efff7f520cf 3 8 37
0x7efff7f520f4 3 3 14
0x7efff7f52610 3 2 14
0x7efff7f5261e 0 3 16
0x7efff7f5262e 0 4 20
0x7efff7f52102 3 4 20
0x7efff7f52116 3 3 25
0x7efff7f5212f 3 7 31
0x7efff7f5214e 3 2 4
0x7efff7f52152 2 5 21
0x7efff7f52167 2 5 24
0x7efff7f5217f 2 2 9
0x7efff7f52188 0 5 23
0x7efff7f5219f 0 2 4
0x7efff7f52b30 2 8 40
0x7efff7f52b58 2 1 5
0x7efff7f521b5 3 5 17
0x7efff7f521c3 3 1 3
0x7efff7f521c3 18 1 3
0x7efff7f521c6 3 3 13
0x7efff7f5642e 1 10 25
0x7efff7f51b82 0 3 12
0x7efff7f51b5e 1 8 36
0x7efff7f51cf0 1 2 10
0x7efff7f51c85 0 4 21
0x7efff7f51c7e 1 2 7
0x7efff7f51c67 1 4 23
0x7efff7f51d00 1 2 8
0x7efff7f51b27 0 2 7
0x7efff7f51b11 1 4 22
0x7efff7f51adc 1 9 53
0x7efff7f56d9e 1 8 15
0x7efff7f56d95 1 2 9
0x7efff7f56d80 1 4 21
0x7efff7f56d79 1 3 7
0x7efff7f56957 0 2 13
0x7efff7f5693d 1 5 26
0x7efff7f56c5f 1 3 13
0x7efff7f56c4a 2 4 21
0x7efff7f56c3c 2 3 14
0x7efff7f56c35 2 3 7
0x7efff7f56c85 0 4 12
0x7efff7f524d8 3 2 9
0x7efff7f524e1 3 4 16
0x7efff7f524f1 3 2 14
0x7efff7f524ff 3 2 10
0x7efff7f52509 3 2 10
0x7efff7f52513 3 9 36
0x7efff7f52537 3 12 53
0x7efff7f5256c 3 14 65
0x7efff7f50800 76 18 65
0x7efff7f56c70 2 3 12
0x7efff7f56c5f 0 3 13
0x7efff7f56c4a 1 4 21
0x7efff7f56bdc 0 2 13
0x7efff7f50841 76 11 39
0x7efff7f50868 0 9 56
0x7efff7f50850 1016 8 24
0x7efff7f50868 80 9 56
0x7efff7f508a0 78 2 13
0x7efff7f508ad 80 4 19
0x7efff7f508c0 80 3 20
0x7efff7f56bc3 2 5 25
0x7efff7f56bb0 3 4 19
0x7efff7f521d3 3 8 35
0x7efff7f521f6 2 5 22
0x7efff7f5220c 2 7 32
0x7efff7f5222c 2 2 5
0x7efff7f52231 1 2 9
0x7efff7f5223a 2 26 132
0x7efff7f522be 0 5 13
0x7efff7f522cb 0 1 5
0x7efff7f523d8 4 9 40
0x7efff7f52400 2 2 9
0x7efff7f52409 1 2 5
0x7efff7f5240e 1 6 17
0x7efff7f5241f 1 2 10
0x7efff7f52429 1 6 19
0x7efff7f52410 1188 5 15
0x7efff7f5241f 1188 2 10
0x7efff7f52429 1188 6 19
0x7efff7f5243c 4 3 17
0x7efff7f5244d 4 4 24
0x7efff7f52465 3 9 44
0x7efff7f52491 3 13 61
0x7efff7f524ce 3 2 10
0x7efff7f569bf 4 2 8
0x7efff7f569b9 4 2 6
0x7efff7f56983 1 10 36
0x7efff7f5696c 1 6 23
0x7efff7f56964 1 3 8
0x7efff7f56957 1 2 13
0x7efff7f56910 1 5 25
0x7efff7f568e0 1 14 48
0x7efff7f52193 1 3 12
0x7efff7f5219f 0 2 4
0x7efff7f521a3 0 9 35
0x7efff7f52b60 1 3 12
0x7efff7f52246 1 23 120
0x7efff7f522be 0 5 13
0x7efff7f522cb 0 1 5
0x7efff7f528b0 4 3 15
0x7efff7f528bf 0 3 11
0x7efff7f51880 3 3 12
0x7efff7f5188c 3 8 27
0x7efff7f518a7 3 12 55
0x7efff7f55937 1 4 9
0x7efff7f5592d 1 3 10
0x7efff7f55916 1 6 23
0x7efff7f55911 1 2 5
0x7efff7f55907 1 3 10
0x7efff7f558f6 1 6 17
0x7efff7f558d3 1 9 35
0x7efff7f55891 1 14 66
0x7efff7f55881 1 3 16
0x7efff7f56adc 3 7 30
0x7efff7f56acf 1 4 13
0x7efff7f56ac5 1 2 10
0x7efff7f56aa1 1 10 36
0x7efff7f56a6a 1 1 2
0x7efff7f56a3b 1 14 47
0x7efff7f5239f 1 3 22
0x7efff7f523b5 1 3 16
0x7efff7f523c5 0 8 15
0x7efff7f52aa8 3 11 48
0x7efff7f52ad8 3 4 16
0x7efff7f52ae8 3 3 15
0x7efff7f52af7 0 5 24
0x7efff7f523c5 3 8 15
0x7efff7f56a23 1 5 24
0x7efff7f56a0c 1 2 7
0x7efff7f56a04 1 2 8
0x7efff7f569e6 1 8 30
0x7efff7f569c7 4 8 31
0x7efff7f521fe 1 3 14
0x7efff7f5220c 1 7 32
0x7efff7f5222c 1 2 5
0x7efff7f528f8 1 2 15
0x7efff7f52907 1 1 5
0x7efff7f52409 1 2 5
0x7efff7f5240e 0 6 17
0x7efff7f5241f 0 2 10
0x7efff7f523b5 2 3 16
0x7efff7f523c5 0 8 15
0x7efff7f51c20 2 10 40
0x7efff7f51a0f 2 4 23
0x7efff7f51a26 2 3 12
0x7efff7f51a32 2 9 46
0x7efff7f5197d 1 12 56
0x7efff7f519b8 1 2 5
0x7efff7f51961 1 1 2
0x7efff7f51947 2 7 26
0x7efff7f51a60 2 16 72
0x7efff7f51930 2 7 23
0x7efff7f51aa8 0 4 16
0x7efff7f51ab8 0 10 36
0x7efff7f564aa 1 3 12
0x7efff7f564b6 1 7 26
0x7efff7f564d0 1 7 26
0x7efff7f51c0a 2 8 15
0x7efff7f51b82 0 3 12
0x7efff7f51b5e 1 8 36
0x7efff7f51b55 1 3 9
0x7efff7f51d44 1 3 15
0x7efff7f51d15 0 2 7
0x7efff7f51d10 1 2 5
0x7efff7f51b11 0 4 22
0x7efff7f51adc 1 9 53
0x7efff7f51ad0 15 4 12
0x7efff7f51adc 0 9 53
0x7efff7f51ab8 1 10 36
0x7efff7f51aa8 2 4 16
0x7efff7f51c50 2 2 16
0x7efff7f55877 1 2 10
0x7efff7f55820 1 23 87
0x7efff7f56600 1 8 15
0x7efff7f56550 1 1 2
0x7efff7f56548 1 2 8
0x7efff7f564e0 1 4 10
0x7efff7f564f3 1 6 9
0x7efff7f564ea 2 3 9
0x7efff7f56570 1 16 51
0x7efff7f565a3 1 2 5
0x7efff7f565a8 0 2 5
0x7efff7f565c0 1 3 12
0x7efff7f565d3 1 2 5
0x7efff7f565d8 1 5 22
0x7efff7f565ee 1 4 13
0x7efff7f56450 3 12 41
0x7efff7f56479 2 7 23
0x7efff7f56490 1 2 9
0x7efff7f56500 1 3 12
0x7efff7f5650c 0 2 9
0x7efff7f56515 0 4 11
0x7efff7f564f3 2 6 9
0x7efff7f565fb 3 1 2
0x7efff7f565d0 3 3 8
0x7efff7f565d8 2 5 22
0x7efff7f565ee 2 4 13
0x7efff7f56499 1 6 17
0x7efff7f519c0 2 15 46
0x7efff7f519ee 2 5 23
0x7efff7f51a05 0 7 33
0x7efff7f504c8 0 3 17
0x7efff7f504d9 0 2 8
0x7efff7f4fde4 1 3 16
0x7efff7f4fdf4 1 2 4
0x7efff7f4fdf8 1 4 17
0x7efff7f4fe09 1 2 8
0x7efff7f4fb60 14 4 16
0x7efff7f4fb70 14 2 8
0x7efff7f4fb78 14 3 13
0x7efff7f4fb85 14 2 9
0x7efff7f4fb8e 14 10 43
0x7efff7f4fbb9 0 3 7
0x7efff7f4fbc0 0 2 5
0x7efff7f50d14 1 2 15
0x7efff7f50900 2 1 2
0x7efff7f50902 0 2 9
0x7efff7f5090b 0 5 14
0x7efff7f5090b 2 5 14
0x7efff7f50919 0 14 54
0x7efff7f50958 2 2 14
0x7efff7f50966 0 3 8
0x7efff7f5096e 0 4 11
0x7efff7f50b06 2 3 8
0x7efff7f50b0e 2 4 11
0x7efff7f50b19 0 2 9
0x7efff7f50b22 2 3 14
0x7efff7f509c3 2 8 15
0x7efff7f525f3 2 2 10
0x7efff7f525fd 2 4 16
0x7efff7f526d1 3 4 19
0x7efff7f526e4 0 3 16
0x7efff7f52480 89 4 17
0x7efff7f52491 89 13 61
0x7efff7f524ce 89 2 10
0x7efff7f524d8 89 2 9
0x7efff7f524e1 89 4 16
0x7efff7f524f1 75 2 14
0x7efff7f52890 14 3 11
0x7efff7f525db 14 6 24
0x7efff7f525f3 14 2 10
0x7efff7f525fd 14 4 16
0x7efff7f52978 14 3 13
0x7efff7f52985 14 5 24
0x7efff7f5299d 14 5 19
0x7efff7f526c0 14 3 17
0x7efff7f526d1 0 4 19
0x7efff7f526e4 0 3 16
0x7efff7f524ff 72 2 10
0x7efff7f52509 68 2 10
0x7efff7f52513 68 9 36
0x7efff7f52537 72 12 53
0x7efff7f5256c 72 14 65
0x7efff7f4ffc0 10 3 14
0x7efff7f4ffce 10 5 22
0x7efff7f4fe11 9 2 8
0x7efff7f4fe19 9 4 20
0x7efff7f4fe2d 0 9 20
0x7efff7f50627 1 7 39
0x7efff7f504ba 1 2 14
0x7efff7f52320 2 2 5
0x7efff7f52325 1 2 5
0x7efff7f5232a 1 3 10
0x7efff7f52349 8 2 6
0x7efff7f5234f 8 5 17
0x7efff7f56bdc 1 2 13
0x7efff7f56bc3 1 5 25
0x7efff7f56b9f 1 8 36
0x7efff7f56b94 1 3 11
0x7efff7f52360 8 3 10
0x7efff7f5236a 1 5 34
0x7efff7f5238c 1 4 19
0x7efff7f56b80 1 3 20
0x7efff7f56acf 2 4 13
0x7efff7f56ac5 2 2 10
0x7efff7f56aa1 2 10 36
0x7efff7f56a84 2 8 29
0x7efff7f56a70 3 5 20
0x7efff7f56b15 0 10 47
0x7efff7f56b0c 1 3 9
0x7efff7f50800 4 18 65
0x7efff7f50841 4 11 39
0x7efff7f50868 0 9 56
0x7efff7f56b00 2 3 12
0x7efff7f56cee 2 1 5
0x7efff7f56ce0 3 3 14
0x7efff7f56cd0 3 3 16
0x7efff7f56b0c 1 3 9
0x7efff7f56afa 1 4 18
0x7efff7f52c20 3 2 6
0x7efff7f52c26 0 4 13
0x7efff7f52c33 0 2 10
0x7efff7f52c5a 3 18 66
0x7efff7f52c9c 0 2 14
0x7efff7f52caa 0 5 33
0x7efff7f534dc 3 2 7
0x7efff7f52c2d 3 2 6
0x7efff7f52c33 3 2 10
0x7efff7f52c3d 0 2 6
0x7efff7f52caa 3 5 33
0x7efff7f525d4 3 3 7
0x7efff7f525db 3 6 24
0x7efff7f525f3 3 2 10
0x7efff7f52370 5 4 28
0x7efff7f5238c 2 4 19
0x7efff7f5239f 2 3 22
0x7efff7f52c00 3 2 8
0x7efff7f5229e 3 8 32
0x7efff7f522be 2 5 13
0x7efff7f522cb 0 1 5
0x7efff7f522fd 9 4 12
0x7efff7f52309 2 3 8
0x7efff7f52311 1 5 15
0x7efff7f522d0 7 4 16
0x7efff7f522e0 7 3 17
0x7efff7f522f1 7 4 12
0x7efff7f522f4 7 3 9
0x7efff7f522fd 6 4 12
0x7efff7f52309 6 3 8
0x7efff7f51b82 1 3 12
0x7efff7f51b8e 1 7 25
0x7efff7f51ba7 1 1 5
0x7efff7f54b14 1 4 26
0x7efff7f54ae3 1 11 49
0x7efff7f54ac4 1 5 31
0x7efff7f53f49 0 13 58
0x7efff7f53f3e 0 2 11
0x7efff7f53f1f 2 4 31
0x7efff7f54254 2 2 9
0x7efff7f54b75 2 2 12
0x7efff7f54a23 0 3 22
0x7efff7f54a1a 0 3 9
0x7efff7f54a10 2 3 10
0x7efff7f54a23 1 3 22
0x7efff7f54a1a 3 3 9
0x7efff7f54254 0 2 9
0x7efff7f54243 2 4 17
0x7efff7f541df 1 6 28
0x7efff7f541d3 3 3 12
0x7efff7f54090 0 5 25
0x7efff7f54080 46 3 16
0x7efff7f53fc4 0 5 25
0x7efff7f53fba 45 2 10
0x7efff7f53fa9 47 4 17
0x7efff7f53fba 1 2 10
0x7efff7f53f9e 1 7 28
0x7efff7f53f92 2 3 12
0x7efff7f54030 2 15 80
0x7efff7f5401f 2 3 17
0x7efff7f54012 2 3 13
0x7efff7f56394 2 13 56
0x7efff7f545e4 1 3 17
0x7efff7f545d1 1 3 19
0x7efff7f545a8 2 10 41
0x7efff7f545a6 1 11 43
0x7efff7f54573 1 10 51
0x7efff7f54567 1 3 12
0x7efff7f54554 1 4 19
0x7efff7f54511 1 6 32
0x7efff7f54507 1 3 10
0x7efff7f544fb 1 3 12
0x7efff7f54a8c 1 2 8
0x7efff7f54a7e 1 2 14
0x7efff7f54a70 1 2 14
0x7efff7f54254 0 2 9
0x7efff7f54234 1 6 32
0x7efff7f54221 1 5 19
0x7efff7f51b6c 1 5 22
0x7efff7f51c85 0 4 21
0x7efff7f51c7e 0 2 7
0x7efff7f51c60 1 5 30
0x7efff7f51b47 0 5 23
0x7efff7f51b3f 1 2 8
0x7efff7f51b33 1 3 12
0x7efff7f51b27 1 2 7
0x7efff7f51b11 1 4 22
0x7efff7f51adc 1 9 53
0x7efff7f51adc 0 9 53
0x7efff7f51ab8 0 10 36
0x7efff7f541fb 1 3 12
0x7efff7f54207 1 6 26
0x7efff7f51aa8 1 4 16
0x7efff7f51c50 1 2 16
0x7efff7f51ab8 0 10 36
0x7efff7f55354 1 14 55
0x7efff7f55346 1 3 14
0x7efff7f5530d 1 13 57
0x7efff7f55304 1 3 9
0x7efff7f5524e 0 12 48
0x7efff7f5523a 0 5 20
0x7efff7f55231 1 2 9
0x7efff7f55708 1 12 45
0x7efff7f552c4 0 2 10
0x7efff7f552bc 1 2 8
0x7efff7f552a6 1 5 22
0x7efff7f552a6 0 5 22
0x7efff7f55290 1 5 22
0x7efff7f54ff0 1 19 62
0x7efff7f5502e 0 13 40
0x7efff7f55056 0 4 20
0x7efff7f55056 1 4 20
0x7efff7f5506a 1 5 27
0x7efff7f55085 1 6 19
0x7efff7f5511d 0 2 5
0x7efff7f55111 1 3 12
0x7efff7f550e0 2 12 49
0x7efff7f55122 0 3 17
0x7efff7f5511d 0 2 5
0x7efff7f55111 1 3 12
0x7efff7f550d4 1 3 9
0x7efff7f550b8 1 8 28
0x7efff7f550b2 2 2 6
0x7efff7f550b8 0 8 28
0x7efff7f550d4 0 3 9
0x7efff7f550a0 3 4 18
0x7efff7f550b2 2 2 6
0x7efff7f539d2 2 3 6
0x7efff7f51974 1 14 65
0x7efff7f51968 2 4 12
0x7efff7f51974 0 14 65
0x7efff7f5196b 1 3 9
0x7efff7f51961 0 1 2
0x7efff7f51947 1 7 26
0x7efff7f51930 1 7 23
0x7efff7f518a7 1 12 55
0x7efff7f5188c 1 8 27
0x7efff7f51880 1 3 12
0x7efff7f51d1c 1 2 8
0x7efff7f51d24 1 3 8
0x7efff7f51d2c 1 2 5
0x7efff7f5196b 1 3 9
0x7efff7f51974 1 14 65
0x7efff7f5538b 0 10 38
0x7efff7f553b1 0 2 10
0x7efff7f556b6 1 2 9
0x7efff7f553f0 1 16 63
0x7efff7f5542f 1 7 29
0x7efff7f5544c 1 5 21
0x7efff7f55461 0 25 96
0x7efff7f55735 1 6 25
0x7efff7f5574e 1 4 20
0x7efff7f55762 1 4 15
0x7efff7f51c00 1 10 25
0x7efff7f51cdd 1 4 15
0x7efff7f51cd0 10 4 13
0x7efff7f51cdd 0 4 15
0x7efff7f51cd3 1 3 10
0x7efff7f51cc8 1 1 2
0x7efff7f51cba 1 3 14
0x7efff7f53db0 1 31 130
0x7efff7f55695 1 13 33
0x7efff7f55680 1 6 21
0x7efff7f55695 0 13 33
0x7efff7f55662 1 13 51
0x7efff7f5561b 0 3 8
0x7efff7f555f4 1 10 39
0x7efff7f555eb 1 3 9
0x7efff7f555c9 1 7 25
0x7efff7f555ba 1 5 15
0x7efff7f555a8 1 6 18
0x7efff7f555f4 0 10 39
0x7efff7f555eb 1 3 9
0x7efff7f555e2 2 3 9
0x7efff7f5640d 1 7 33
0x7efff7f563f0 1 11 29
0x7efff7f549ca 1 8 15
0x7efff7f549bc 1 3 14
0x7efff7f549b4 0 2 8
0x7efff7f549a8 1 3 12
0x7efff7f54995 0 3 19
0x7efff7f5495b 1 10 58
0x7efff7f56381 2 2 4
0x7efff7f56385 2 4 15
0x7efff7f539a0 2 14 50
0x7efff7f56360 2 8 33
0x7efff7f56320 2 13 64
0x7efff7f53fe6 2 7 44
0x7efff7f53fdd 2 2 9
0x7efff7f53fc4 2 5 25
0x7efff7f53fba 2 2 10
0x7efff7f53f83 2 4 15
0x7efff7f53f49 2 13 58
0x7efff7f53f3e 3 2 11
0x7efff7f54fbb 1 2 16
0x7efff7f54ab3 2 3 17
0x7efff7f54aa6 3 2 13
0x7efff7f54a98 3 2 14
0x7efff7f53f49 0 13 58
0x7efff7f53f3e 0 2 11
0x7efff7f53e9c 1 24 162
0x7efff7f54d82 1 4 20
0x7efff7f53e8e 0 16 102
0x7efff7f53e32 0 23 92
0x7efff7f55580 3 4 17
0x7efff7f555ba 0 5 15
0x7efff7f55591 0 11 41
0x7efff7f548e8 1 3 13
0x7efff7f55565 1 11 44
0x7efff7f55785 1 12 41
0x7efff7f55771 1 4 20
0x7efff7f519c0 1 15 46
0x7efff7f519ee 1 5 23
0x7efff7f51a05 0 7 33
0x7efff7f51c20 1 10 40
0x7efff7f51a0f 1 4 23
0x7efff7f54817 0 4 21
0x7efff7f547fa 1 7 29
0x7efff7f547a8 1 19 82
0x7efff7f51a26 1 3 12
0x7efff7f51a32 1 9 46
0x7efff7f51a60 1 16 72
0x7efff7f51aa8 0 4 16
0x7efff7f5477e 1 10 42
0x7efff7f54e29 0 1 5
0x7efff7f54e14 1 3 21
0x7efff7f54ded 1 8 39
0x7efff7f54614 0 12 46
0x7efff7f54605 0 3 15
0x7efff7f545f5 1 3 16
0x7efff7f548fe 0 2 5
0x7efff7f548f5 1 2 9
0x7efff7f54817 0 4 21
0x7efff7f547fa 0 7 29
0x7efff7f547d0 1 10 42
0x7efff7f548c8 1 5 26
0x7efff7f555e2 1 3 9
0x7efff7f548a0 1 9 40
0x7efff7f548fe 1 2 5
0x7efff7f548f5 1 2 9
0x7efff7f555c9 1 7 25
0x7efff7f555c0 2 3 9
0x7efff7f555eb 0 3 9
0x7efff7f555e2 1 3 9
0x7efff7f55591 1 11 41
0x7efff7f555ba 1 5 15
0x7efff7f555c9 2 7 25
0x7efff7f56f20 2 1 2
0x7efff7f56ea5 0 6 27
0x7efff7f577f8 3 6 14
0x7efff7f577f4 12 2 4
0x7efff7f56ea0 1 2 5
0x7efff7f56e90 1 1 2
0x7efff7f57810 18 6 11
0x7efff7f577e9 3 3 11
0x7efff7f577e0 21 3 9
0x7efff7f577f8 0 6 14
0x7efff7f577f4 12 2 4
0x7efff7f577e9 21 3 11
0x7efff7f577d7 0 1 2
0x7efff7f577ce 12 3 9
0x7efff7f577c5 12 3 9
0x7efff7f577b0 21 7 21
0x7efff7f56f06 0 3 11
0x7efff7f56f11 0 3 13
0x7efff7f56ec0 2 2 5
0x7efff7f56ec5 0 10 45
0x7efff7f57590 1 6 21
0x7efff7f5756d 0 3 14
0x7efff7f5755f 1 4 14
0x7efff7f5755b 1 2 4
0x7efff7f5754a 1 5 17
0x7efff7f57546 1 2 4
0x7efff7f57520 1 11 38
0x7efff7f56e90 1 1 2
0x7efff7f575a5 1 2 5
0x7efff7f57574 1 2 7
0x7efff7f5757b 1 7 17
0x7efff7f56ecb 1 9 39
0x7efff7f56f11 0 3 13
0x7efff7f56f06 1 3 11
0x7efff7f56ef8 1 3 14
0x7efff7f56ea0 2 2 5
0x7efff7f56ea5 0 6 27
0x7efff7f56ec0 0 2 5
0x7efff7f577d7 0 1 2
0x7efff7f577ce 9 3 9
0x7efff7f577c5 9 3 9
0x7efff7f56ef8 2 3 14
0x7efff7f56ec0 0 2 5
0x7efff7f57eb3 3 7 21
0x7efff7f57fa6 3 4 14
0x7efff7f57f9a 4 3 12
0x7efff7f58006 2 4 19
0x7efff7f58019 0 2 7
0x7efff7f57e99 2 4 17
0x7efff7f57f8e 2 3 7
0x7efff7f57f57 2 17 55
0x7efff7f57f40 2 7 23
0x7efff7f57f8e 0 3 7
0x7efff7f57f57 2 17 55
0x7efff7f57f43 2 6 20
0x7efff7f57f27 2 7 25
0x7efff7f57eff 4 7 40
0x7efff7f57eee 4 3 17
0x7efff7f57ede 4 4 16
0x7efff7f57ecf 0 8 15
0x7efff7f57ec8 1 3 7
0x7efff7f57e99 1 4 17
0x7efff7f57ff4 1 9 18
0x7efff7f58144 4 7 19
0x7efff7f58157 1 7 13
0x7efff7f58100 1 7 15
0x7efff7f5810f 1 5 13
0x7efff7f57d82 2 4 14
0x7efff7f57ff4 3 9 18
0x7efff7f57fc1 29 14 51
0x7efff7f57fb8 29 3 9
0x7efff7f57ff4 0 9 18
0x7efff7f57fed 3 3 7
0x7efff7f57ff4 0 9 18
0x7efff7f57fc1 0 14 51
0x7efff7f57fbb 3 2 6
0x7efff7f57ecf 0 8 15
0x7efff7f57ec8 3 3 7
0x7efff7f57eb0 29 8 24
0x7efff7f57ecf 0 8 15
0x7efff7f57ec8 0 3 7
0x7efff7f57977 0 6 26
0x7efff7f57923 0 20 84
0x7efff7f5791a 4 3 9
0x7efff7f5790f 4 3 11
0x7efff7f57905 4 2 10
0x7efff7f578fb 4 3 10
0x7efff7f578ee 4 3 13
0x7efff7f578dd 4 3 17
0x7efff7f578a0 4 17 61
0x7efff7f57d6a 1 9 38
0x7efff7f57d43 2 11 39
0x7efff7f57d05 5 3 11
0x7efff7f57cf8 5 3 13
0x7efff7f57d22 2 8 28
0x7efff7f57d14 2 4 14
0x7efff7f57d10 7 2 4
0x7efff7f57d05 2 3 11
0x7efff7f57ced 0 1 5
0x7efff7f57cbc 2 12 49
0x7efff7f57ca4 2 5 24
0x7efff7f57c5d 4 19 71
0x7efff7f57c50 4 3 13
0x7efff7f58136 4 4 14
0x7efff7f5812b 4 3 11
0x7efff7f57e8f 2 2 10
0x7efff7f57d6a 1 9 38
0x7efff7f57d40 2 12 42
0x7efff7f57dc6 0 4 18
0x7efff7f57dae 2 6 24
0x7efff7f57d90 4 10 30
0x7efff7f57a09 4 8 15
0x7efff7f57a01 4 2 8
0x7efff7f579f0 4 5 17
0x7efff7f5791a 10 3 9
0x7efff7f5790f 10 3 11
0x7efff7f57905 14 2 10
0x7efff7f59208 1 16 59
0x7efff7f59099 1 2 8
0x7efff7f59090 1 2 9
0x7efff7f591ee 1 6 26
0x7efff7f591e5 0 9 35
0x7efff7f591c8 1 9 29
0x7efff7f5918c 1 15 60
0x7efff7f58f90 1 3 13
0x7efff7f58f9d 1 5 23
0x7efff7f59132 1 7 22
0x7efff7f59126 1 3 12
0x7efff7f59119 1 3 13
0x7efff7f5910e 1 2 11
0x7efff7f590f0 1 10 30
0x7efff7f593ea 285 1 3
0x7efff7f593ed 1 4 20
0x7efff7f59401 1 2 5
0x7efff7f59406 1 8 19
0x7efff7f593ea 1 1 3
0x7efff7f593af 1 13 62
0x7efff7f593aa 1 2 5
0x7efff7f59390 1 7 26
0x7efff7f595a5 0 4 15
0x7efff7f5958d 1 5 24
0x7efff7f59580 1 4 13
0x7efff7f595b4 0 3 14
0x7efff7f594d8 1 4 17
0x7efff7f594e9 0 3 13
0x7efff7f594f6 0 3 17
0x7efff7f595f0 1 11 28
0x7efff7f59566 1 6 26
0x7efff7f5955d 1 2 9
0x7efff7f59546 1 4 23
0x7efff7f5953d 1 2 9
0x7efff7f59507 1 12 54
0x7efff7f594f6 1 3 17
0x7efff7f594e9 1 3 13
0x7efff7f594b4 1 9 31
0x7efff7f594a7 1 3 13
0x7efff7f59476 1 11 49
0x7efff7f59449 1 13 45
0x7efff7f59440 1 2 9
0x7efff7f59bd8 1 10 31
0x7efff7f59bcf 1 3 9
0x7efff7f59ba0 1 7 23
0x7efff7f5e151 1 2 5
0x7efff7f5e192 1 3 11
0x7efff7f5dfc0 11 5 24
0x7efff7f5dfd8 11 4 15
0x7efff7f5dfe7 0 2 9
0x7efff7f5e070 57 2 5
0x7efff7f5e075 57 2 4
0x7efff7f5e079 48 6 24
0x7efff7f5dfd8 48 4 15
0x7efff7f5dfe7 2 2 9
0x7efff7f5dff0 2 9 30
0x7efff7f5d6a0 1 26 179
0x7efff7f5e09d 9 2 3
0x7efff7f5e19d 9 2 4
0x7efff7f5e1a1 8 1 2
0x7efff7f5e1a3 5 4 13
0x7efff7f5e16d 5 11 37
0x7efff7f5e192 5 3 11
0x7efff7f5e160 3 4 13
0x7efff7f5e0b0 1 11 33
0x7efff7f5e0d1 1 3 16
0x7efff7f5e0e1 0 2 10
0x7efff7f5e320 1 4 24
0x7efff7f5e338 1 3 13
0x7efff7f5e345 1 3 17
0x7efff7f5e356 1 4 20
0x7efff7f5e36a 1 2 8
0x7efff7f5e372 1 10 48
0x7efff7f5e8f0 1 4 17
0x7efff7f5e901 0 1 1
0x7efff7f5e908 1 3 16
0x7efff7f5e918 1 3 16
0x7efff7f5e3a2 1 4 20
0x7efff7f5e3b6 1 2 8
0x7efff7f5e3be 0 13 61
0x7efff7f5e3fb 0 8 30
0x7efff7f5e0f9 1 2 10
0x7efff7f5e103 1 8 31
0x7efff7f5e122 1 5 21
0x7efff7f5e137 1 8 26
0x7efff7f5d753 1 24 169
0x7efff7f5e5a8 0 3 7
0x7efff7f5e5a3 1 2 5
0x7efff7f5e59b 1 3 8
0x7efff7f5e549 0 5 22
0x7efff7f5e540 1 3 9
0x7efff7f5e533 1 3 13
0x7efff7f5e591 1 3 10
0x7efff7f5e589 1 3 8
0x7efff7f5e237 2 2 4
0x7efff7f5e23b 1 5 29
0x7efff7f5e258 0 5 25
0x7efff7f5e208 1 2 5
0x7efff7f5e20d 1 6 21
0x7efff7f5e222 1 6 21
0x7efff7f5e578 2 4 17
0x7efff7f5e55f 0 3 13
0x7efff7f5e7b0 1 9 39
0x7efff7f5e7d7 0 1 2
0x7efff7f5e540 1 3 9
0x7efff7f5e549 0 5 22
0x7efff7f5e16d 3 11 37
0x7efff7f5e192 3 3 11
0x7efff7f5e028 2 5 16
0x7efff7f5e038 0 8 32
0x7efff7f5e058 0 2 9
0x7efff7f5e058 2 2 9
0x7efff7f5e061 0 3 6
0x7efff7f5e60f 1 8 15
0x7efff7f5dfd0 2 2 8
0x7efff7f5dfd8 0 4 15
0x7efff7f5dfe7 0 2 9
0x7efff7f5e091 2 3 6
0x7efff7f5e1c8 1 7 33
0x7efff7f5e1e9 1 6 21
0x7efff7f5e1fe 0 1 5
0x7efff7f5e225 1 5 18
0x7efff7f5e607 1 2 8
0x7efff7f5e5e4 1 9 35
0x7efff7f5e5d8 1 3 12
0x7efff7f5e5cd 1 2 11
0x7efff7f5e5af 1 5 30
0x7efff7f5f48a 1 2 10
0x7efff7f5f480 1 2 10
0x7efff7f5f41c 0 1 5
0x7efff7f5f402 0 5 26
0x7efff7f5f3fd 1 2 5
0x7efff7f5f520 0 2 15
0x7efff7f5f509 1 3 23
0x7efff7f5f504 1 2 5
0x7efff7f5f4ea 1 4 26
0x7efff7f5fa4b 1 4 20
0x7efff7f5f040 1 18 64
0x7efff7f5f4d8 1 4 18
0x7efff7f5f4d0 1 2 8
0x7efff7f5f3fd 0 2 5
0x7efff7f5f080 1 3 10
0x7efff7f5f08a 0 8 47
0x7efff7f5f080 65 3 10
0x7efff7f5f3ea 1 6 19
0x7efff7f5f3c4 1 7 38
0x7efff7f5f3bb 1 3 9
0x7efff7f5f3a8 1 3 19
0x7efff7f5f399 1 3 15
0x7efff7f5f08a 1 8 47
0x7efff7f5f0b9 1 32 153
0x7efff7f5f152 1 3 9
0x7efff7f5f160 1 8 28
0x7efff7f5f9fb 2 2 6
0x7efff7f5fa01 1 6 20
0x7efff7f5f9e8 2 4 19
0x7efff7f5fa15 0 1 2
0x7efff7f5fbb0 1 1 2
0x7efff7f5fb91 6 2 6
0x7efff7f5fb8c 65 2 5
0x7efff7f5fb80 66 4 12
0x7efff7f5fb97 0 2 6
0x7efff7f5fb91 0 2 6
0x7efff7f5fb8c 1 2 5
0x7efff7f5fb7b 0 1 2
0x7efff7f5fb70 1 4 11
0x7efff7f5fa01 0 6 20
0x7efff7f5f44d 1 5 21
0x7efff7f5f43f 1 3 14
0x7efff7f5f42f 1 3 16
0x7efff7f5f9fb 1 2 6
0x7efff7f5f9de 1 2 5
0x7efff7f5f421 1 3 14
0x7efff7f5f9c1 1 5 29
0x7efff7f5f41c 1 1 5
0x7efff7f5f402 1 5 26
0x7efff7f5f4b4 1 2 15
0x7efff7f5f791 0 1 5
0x7efff7f5f787 1 2 10
0x7efff7f5f494 0 2 6
0x7efff7f5f316 0 4 17
0x7efff7f5fa5f 1 2 4
0x7efff7f5fa63 1 9 22
0x7efff7f5f311 1 2 5
0x7efff7f5f305 1 3 12
0x7efff7f5f170 8 4 12
0x7efff7f5f17c 0 2 9
0x7efff7f5f185 0 2 5
0x7efff7f5f2f0 1 2 9
0x7efff7f5f2fe 1 2 7
0x7efff7f5f20c 1 3 16
0x7efff7f5f1f5 1 4 23
0x7efff7f5f1ee 1 2 7
0x7efff7f5f1e2 0 4 19
0x7efff7f5f1d1 1 4 17
0x7efff7f5f1ca 1 2 7
0x7efff7f5f1be 0 4 19
0x7efff7f5f1ab 1 4 19
0x7efff7f5f19f 1 3 12
0x7efff7f5f193 1 3 12
0x7efff7f5f18a 1 3 9
0x7efff7f5f185 1 2 5
0x7efff7f5f7c7 1 2 12
0x7efff7f5f2a8 1 3 15
0x7efff7f5f238 1 4 18
0x7efff7f5f250 1 3 14
0x7efff7f5f2c0 1 3 15
0x7efff7f5f17c 0 2 9
0x7efff7f5f9a0 1 10 33
0x7efff7f5f185 0 2 5
0x7efff7f5f148 17 3 10
0x7efff7f5f152 17 3 9
0x7efff7f5f290 1 4 20
0x7efff7f5f170 9 4 12
0x7efff7f5f17c 1 2 9
0x7efff7f5f185 0 2 5
0x7efff7f5f2d0 1 3 14
0x7efff7f5f278 1 4 17
0x7efff7f5f2e0 1 2 9
0x7efff7f5f462 1 9 20
0x7efff7f5f7e0 1 1 2
0x7efff7f5f323 1 2 4
0x7efff7f5f327 1 11 49
0x7efff7f5f358 0 9 39
0x7efff7f5f37f 0 7 26
0x7efff7f5f540 1 2 7
0x7efff7f5f547 1 15 67
0x7efff7f5f58a 1 6 24
0x7efff7f5f5a2 1 4 16
0x7efff7f5f5b2 1 5 18
0x7efff7f5f732 1 2 9
0x7efff7f5f73b 0 3 14
0x7efff7f5f6dc 1 4 21
0x7efff7f5f38e 1 3 11
0x7efff7f5fc30 6 6 22
0x7efff7f5fc46 5 8 34
0x7efff7f5fc68 4 4 11
0x7efff7f5fcf0 1 7 37
0x7efff7f5fc4d 1 7 27
0x7efff7f5fc68 1 4 11
0x7efff7f5fc73 0 6 27
0x7efff7f5fcd3 5 7 24
0x7efff7f5fcb4 1 13 55
0x7efff7f5fcb4 3 13 55
0x7efff7f5fcae 3 2 6
0x7efff7f5fcae 1 2 6
0x7efff7f5fcd3 9 7 24
0x7efff7f5fc68 9 4 11
0x7efff7f5fc46 12 8 34
0x7efff7f5fc30 12 6 22
0x7efff7f5fc8e 3 8 32
0x7efff7f5fc73 3 6 27
0x7efff7f5fc73 1 6 27
0x7efff7f5fc8e 1 8 32
0x7efff7f5fd30 6 3 13
0x7efff7f5fd30 11 3 13
0x7efff7f5fd69 7 1 5
0x7efff7f5fd5c 0 5 13
0x7efff7f5fd57 0 2 5
0x7efff7f5fd40 7 7 23
0x7efff7f5fd69 2 1 5
0x7efff7f5fd5c 0 5 13
0x7efff7f5fd57 0 2 5
0x7efff7f5fd40 2 7 23
0x7efff7f62d40 114 5 15
0x7efff7f63537 1 2 9
0x7efff7f63540 1 4 11
0x7efff7f61291 1 8 25
0x7efff7f63572 1 7 27
0x7efff7f63569 0 3 9
0x7efff7f6355c 0 4 13
0x7efff7f6354b 1 3 8
0x7efff7f63553 1 2 9
0x7efff7f6352f 0 3 8
0x7efff7f626e0 1 12 48
0x7efff7f62710 0 10 58
0x7efff7f6274a 0 12 56
0x7efff7f63522 0 4 13
0x7efff7f63519 1 2 9
0x7efff7f6350d 0 3 12
0x7efff7f634fc 0 4 17
0x7efff7f634f3 1 2 9
0x7efff7f634e3 1 4 16
0x7efff7f634d9 1 2 10
0x7efff7f634d0 1 2 9
0x7efff7f63bd9 1 3 7
0x7efff7f63a30 7 7 26
0x7efff7f63a4a 5 2 10
0x7efff7f63a54 0 4 16
0x7efff7f61400 2 20 80
0x7efff7f63a80 2 14 63
0x7efff7f63abf 2 8 29
0x7efff7f63adc 1 1 2
0x7efff7f63ac0 34 7 28
0x7efff7f61930 143 6 17
0x7efff7f61941 114 2 5
0x7efff7f61946 113 11 50
0x7efff7f61980 30 8 26
0x7efff7f6199a 30 1 2
0x7efff7f6199c 27 9 32
0x7efff7f62be0 9 12 48
0x7efff7f62c10 1 10 58
0x7efff7f62c4a 1 12 56
0x7efff7f62d25 27 4 13
0x7efff7f62d32 25 8 29
0x7efff7f63adc 1 1 2
0x7efff7f635d0 1 2 3
0x7efff7f611b0 1 2 7
0x7efff7f6134f 4 1 1
0x7efff7f61347 4 2 8
0x7efff7f61340 4 2 7
0x7efff7f611b7 1 2 8
0x7efff7f611bf 0 1 1
0x7efff7f61753 2 6 20
0x7efff7f61733 3 9 32
0x7efff7f61710 3 8 35
0x7efff7f611c0 1 5 16
0x7efff7f6358d 0 5 16
0x7efff7f63519 7 2 9
0x7efff7f63522 2 4 13
0x7efff7f6352f 2 3 8
0x7efff7f63537 7 2 9
0x7efff7f63540 2 4 11
0x7efff7f6354b 1 3 8
0x7efff7f63553 6 2 9
0x7efff7f6355c 3 4 13
0x7efff7f63569 0 3 9
0x7efff7f635a9 4 2 5
0x7efff7f635ae 1 11 33
0x7efff7f635d0 5 2 3
0x7efff7f612d4 0 8 25
0x7efff7f612c5 1 4 15
0x7efff7f612c0 5 2 5
0x7efff7f6128b 2 10 31
0x7efff7f61270 7 12 27
0x7efff7f61257 2 2 8
0x7efff7f6125f 2 1 1
0x7efff7f63b49 2 2 5
0x7efff7f63b4e 0 6 17
0x7efff7f63b5f 0 7 25
0x7efff7f61250 2 2 7
0x7efff7f634d0 7 2 9
0x7efff7f634d9 7 2 10
0x7efff7f634e3 7 4 16
0x7efff7f63b0a 1 3 9
0x7efff7f634f3 7 2 9
0x7efff7f634fc 2 4 17
0x7efff7f63b9b 4 2 4
0x7efff7f612b2 7 7 11
0x7efff7f612aa 7 2 8
0x7efff7f6128b 4 10 31
0x7efff7f6350d 2 3 12
0x7efff7f63c40 1 2 9
0x7efff7f63b5f 0 7 25
0x7efff7f63b5a 3 2 5
0x7efff7f63b5f 0 7 25
0x7efff7f63b4e 0 6 17
0x7efff7f63b3b 1 6 19
0x7efff7f63b2b 3 6 16
0x7efff7f63b26 4 2 5
0x7efff7f611b0 2 2 7
0x7efff7f611b7 2 2 8
0x7efff7f611bf 0 1 1
0x7efff7f611c0 2 5 16
0x7efff7f63b20 4 2 6
0x7efff7f62df6 2 2 4
0x7efff7f62de6 5 5 16
0x7efff7f62dc0 5 9 38
0x7efff7f63be0 1 12 42
0x7efff7f63b9b 0 2 4
0x7efff7f63b78 0 9 35
0x7efff7f61a26 0 9 42
0x7efff7f619e7 0 12 63
0x7efff7f610ec 2 1 2
0x7efff7f610e4 2 2 8
0x7efff7f610d7 2 4 13
0x7efff7f610d0 2 3 7
0x7efff7f619c0 1 10 39
0x7efff7f63b70 4 2 8
0x7efff7f63572 3 7 27
0x7efff7f6358d 1 5 16
0x7efff7f6115f 2 1 1
0x7efff7f61157 2 2 8
0x7efff7f61150 2 2 7
0x7efff7f63b78 0 9 35
0x7efff7f63c49 1 2 4
0x7efff7f63d5e 1 6 16
0x7efff7f63d6e 0 7 23
0x7efff7f63d80 4 2 5
0x7efff7f63d85 1 6 17
0x7efff7f63d96 1 6 22
0x7efff7f63dac 1 9 31
0x7efff7f63dcb 1 1 2
0x7efff7f61930 1 6 17
0x7efff7f62d70 1 5 14
0x7efff7f62d7e 1 3 12
0x7efff7f63af4 2 2 9
0x7efff7f62d8a 1 2 5
0x7efff7f62d8f 1 7 20
0x7efff7f63e10 1 2 9
0x7efff7f63e19 1 3 7
0x7efff7f63e20 1 12 42
0x7efff7f63afd 2 2 6
0x7efff7f63b36 1 2 5
0x7efff7f63b3b 0 6 19
0x7efff7f61980 1 8 26
0x7efff7f61946 0 11 50
0x7efff7f62dfa 3 18 72
0x7efff7f62e42 3 2 5
0x7efff7f61941 1 2 5
0x7efff7f63d50 6 3 9
0x7efff7f63d59 4 2 5
0x7efff7f63d5e 0 6 16
0x7efff7f63dd0 2 4 12
0x7efff7f63ddc 1 10 37
0x7efff7f63e01 0 4 24
0x7efff7f63df0 2 6 17
0x7efff7f63e01 1 4 24
0x7efff7f63e19 1 3 7
0x7efff7f63e80 2 3 14
0x7efff7f62c4a 1 12 56
0x7efff7f62c10 1 10 58
0x7efff7f62be0 1 12 48
0x7efff7f63e8e 1 1 2
0x7efff7f63d59 1 2 5
0x7efff7f63a30 4 7 26
0x7efff7f6274a 0 12 56
0x7efff7f62710 0 10 58
0x7efff7f626e0 1 12 48
0x7efff7f619a3 3 6 25
0x7efff7f612b2 1 7 11
0x7efff7f612aa 1 2 8
0x7efff7f6128b 1 10 31
0x7efff7f612d4 0 8 25
0x7efff7f612c5 0 4 15
0x7efff7f612c0 1 2 5
0x7efff7f6128b 0 10 31
0x7efff7f61270 1 12 27
0x7efff7f635a6 1 2 3
0x7efff7f63b5f 0 7 25
0x7efff7f63b78 0 9 35
0x7efff7f63b70 1 2 8
0x7efff7f63b78 1 9 35
0x7efff7f63b9b 1 2 4
0x7efff7f61170 1 2 7
0x7efff7f61177 1 2 8
0x7efff7f6117f 1 1 1
0x7efff7f63b0a 4 3 9
0x7efff7f63b4e 0 6 17
0x7efff7f6132f 1 1 1
0x7efff7f61327 1 2 8
0x7efff7f61320 1 2 7
0x7efff7f63b49 1 2 5
0x7efff7f63b4e 0 6 17
0x7efff7f63b5f 0 7 25
0x7efff7f63aed 0 2 5
0x7efff7f63b5a 1 2 5
0x7efff7f63ae8 0 2 5
0x7efff7f63ade 4 3 10
0x7efff7f63a54 0 4 16
0x7efff7f63a4a 4 2 10
0x7efff7f629ca 1 12 56
0x7efff7f62990 1 10 58
0x7efff7f62960 1 12 48
0x7efff7f61870 1 6 21
0x7efff7f62460 16 12 48
0x7efff7f62490 0 10 58
0x7efff7f624ca 0 12 56
0x7efff7f61978 3 10 34
0x7efff7f62dc0 4 9 38
0x7efff7f62de6 4 5 16
0x7efff7f62df6 4 2 4
0x7efff7f60330 1 7 21
0x7efff7f60345 1 3 10
0x7efff7f6034f 1 2 6
0x7efff7f60375 1 5 10
0x7efff7f6199a 2 1 2
0x7efff7f6199c 2 9 32
0x7efff7f62960 2 12 48
0x7efff7f62990 2 10 58
0x7efff7f629ca 2 12 56
0x7efff7f62d20 6 5 18
0x7efff7f62d32 4 8 29
0x7efff7f602e0 1 3 9
0x7efff7f602e9 1 3 11
0x7efff7f602f4 1 4 14
0x7efff7f60302 1 1 2
0x7efff7f63bd0 1 2 9
0x7efff7f63bc1 0 4 24
0x7efff7f63ba7 0 9 26
0x7efff7f63ba0 1 3 7
0x7efff7f63b2b 0 6 16
0x7efff7f63b26 1 2 5
0x7efff7f63b20 2 2 6
0x7efff7f62b0a 1 12 56
0x7efff7f62ad0 1 10 58
0x7efff7f62aa0 1 12 48
0x7efff7f63d85 0 6 17
0x7efff7f63d6e 0 7 23
0x7efff7f63d69 1 2 5
0x7efff7f61768 1 24 98
0x7efff7f617ca 0 23 96
0x7efff7f6182a 0 23 90
0x7efff7f63da4 3 2 8
0x7efff7f63dac 1 9 31
0x7efff7f63dcb 1 1 2
0x7efff7f63dcb 2 1 2
0x7efff7f63d69 4 2 5
0x7efff7f63aed 2 2 5
0x7efff7f63b03 2 3 7
0x7efff7f63b36 1 2 5
0x7efff7f63b3b 1 6 19
0x7efff7f63b4e 1 6 17
0x7efff7f62d40 1 5 15
0x7efff7f62d32 0 8 29
0x7efff7f62d25 1 4 13
0x7efff7f6288a 0 12 56
0x7efff7f62850 0 10 58
0x7efff7f62820 1 12 48
0x7efff7f619a3 1 6 25
0x7efff7f6199c 0 9 32
0x7efff7f6199a 1 1 2
0x7efff7f63da4 2 2 8
0x7efff7f63dac 2 9 31
0x7efff7f63dcb 2 1 2
0x7efff7f63ade 5 3 10
0x7efff7f63ae8 4 2 5
0x7efff7f63dcb 2 1 2
0x7efff7f63dac 1 9 31
0x7efff7f63d96 2 6 22
0x7efff7f63d91 4 2 5
0x7efff7f63d85 0 6 17
0x7efff7f63d6e 1 7 23
0x7efff7f63d50 3 3 9
0x7efff7f63d59 3 2 5
0x7efff7f63d5e 2 6 16
0x7efff7f63d80 3 2 5
0x7efff7f63d85 0 6 17
0x7efff7f63d96 0 6 22
0x7efff7f63d91 3 2 5
0x7efff7f63d96 0 6 22
0x7efff7f63dac 0 9 31
# $eof
